<?xml version="1.0" encoding="UTF-8"?>
<testng-results ignored="0" total="2" passed="2" failed="0" skipped="0">
  <reporter-output>
  </reporter-output>
  <suite started-at="2021-02-19T22:14:36 GMT" name="Default suite" finished-at="2021-02-19T22:16:52 GMT" duration-ms="136072">
    <groups>
    </groups>
    <test started-at="2021-02-19T22:14:36 GMT" name="Default test" finished-at="2021-02-19T22:16:52 GMT" duration-ms="136072">
      <class name="com.zoopla.qa.test.PropPageTest">
        <test-method is-config="true" signature="setup()[pri:0, instance:com.zoopla.qa.test.PropPageTest@78e117e3]" started-at="2021-02-19T22:14:36 GMT" name="setup" finished-at="2021-02-19T22:15:24 GMT" duration-ms="48076" status="PASS">
          <reporter-output>
          </reporter-output>
        </test-method> <!-- setup -->
        <test-method signature="propPageAmountlistTest()[pri:1, instance:com.zoopla.qa.test.PropPageTest@78e117e3]" started-at="2021-02-19T22:15:24 GMT" name="propPageAmountlistTest" finished-at="2021-02-19T22:15:38 GMT" duration-ms="13696" status="PASS">
          <reporter-output>
          </reporter-output>
        </test-method> <!-- propPageAmountlistTest -->
        <test-method is-config="true" signature="tearDown()[pri:0, instance:com.zoopla.qa.test.PropPageTest@78e117e3]" started-at="2021-02-19T22:15:38 GMT" name="tearDown" finished-at="2021-02-19T22:15:40 GMT" duration-ms="2094" status="PASS">
          <reporter-output>
          </reporter-output>
        </test-method> <!-- tearDown -->
        <test-method is-config="true" signature="setup()[pri:0, instance:com.zoopla.qa.test.PropPageTest@78e117e3]" started-at="2021-02-19T22:15:40 GMT" name="setup" finished-at="2021-02-19T22:16:29 GMT" duration-ms="48909" status="PASS">
          <reporter-output>
          </reporter-output>
        </test-method> <!-- setup -->
        <test-method signature="propPageclickTest()[pri:2, instance:com.zoopla.qa.test.PropPageTest@78e117e3]" started-at="2021-02-19T22:16:29 GMT" name="propPageclickTest" finished-at="2021-02-19T22:16:49 GMT" duration-ms="20836" status="PASS">
          <reporter-output>
          </reporter-output>
        </test-method> <!-- propPageclickTest -->
        <test-method is-config="true" signature="tearDown()[pri:0, instance:com.zoopla.qa.test.PropPageTest@78e117e3]" started-at="2021-02-19T22:16:49 GMT" name="tearDown" finished-at="2021-02-19T22:16:52 GMT" duration-ms="2312" status="PASS">
          <reporter-output>
          </reporter-output>
        </test-method> <!-- tearDown -->
      </class> <!-- com.zoopla.qa.test.PropPageTest -->
    </test> <!-- Default test -->
  </suite> <!-- Default suite -->
</testng-results>
